BUILD: Computing Include file dependencies:
BUILD: Examining e:\products\davinci\davinci_tech\ygfsmon\cur_ver\sys\2000 directory for files to compile.
Compiling e:\products\davinci\davinci_tech\ygfsmon\cur_ver\sys\2000 directory ********************
'nmake.exe /c BUILDMSG=Stop. -i NTTEST= UMTEST= NOLINK=1 NOPASS0=1 386=1'
    rc -l 409 -DSXS_ASSEMBLY_NAME=""""""  -DSXS_ASSEMBLY_VERSION=""""""  -DSXS_ASSEMBLY_LANGUAGE=""""""  -DSXS_PROCESSOR_ARCHITECTURE="""x86"""  -DSXS_TARGET="""YGFSMon.sys"""   -DSYSTEM_COMPATIBLE_ASSEMBLY_NAME="""Microsoft.Windows.SystemCompatible"""  -DLSYSTEM_COMPATIBLE_ASSEMBLY_NAME=L"""Microsoft.Windows.SystemCompatible"""   -z "MS Sans Serif,Helv/MS Shell Dlg"  -r -fo objfre_w2k\i386\ygfsmon.tmp -D_X86_=1 -Di386=1  -DSTD_CALL -DCONDITION_HANDLING=1 -DNT_UP=1  -DNT_INST=0 -DWIN32=100 -D_NT1X_=100 -DWINNT=1 -D_WIN32_WINNT=0x0501 /DWINVER=0x0501 -D_WIN32_IE=0x0600    -DWIN32_LEAN_AND_MEAN=1 -DDEVL=1 -D__BUILDMACHINE__=lihuibin -DFPO=1  -DNDEBUG -D_DLL=1    -Iobjfre_w2k\i386 -IC:\WINDDK\2600\inc\w2k -IC:\WINDDK\2600\inc\w2k -IC:\WINDDK\2600\inc\ddk\w2k -IC:\WINDDK\2600\inc\ifs -IC:\WINDDK\2600\inc\crt ..\ygfsmon.rc


cl -nologo -Ii386\ -I. -Iobjfre_w2k\i386 -IC:\WINDDK\2600\inc\w2k -IC:\WINDDK\2600\inc\w2k -IC:\WINDDK\2600\inc\ddk\w2k -IC:\WINDDK\2600\inc\ifs -IC:\WINDDK\2600\inc\crt -D_X86_=1 -Di386=1  -DSTD_CALL -DCONDITION_HANDLING=1 -DNT_UP=1  -DNT_INST=0 -DWIN32=100 -D_NT1X_=100 -DWINNT=1 -D_WIN32_WINNT=0x0501 /DWINVER=0x0501 -D_WIN32_IE=0x0600    -DWIN32_LEAN_AND_MEAN=1 -DDEVL=1 -D__BUILDMACHINE__=lihuibin -DFPO=1  -DNDEBUG -D_DLL=1      /c /Zel /Zp8 /Gy -cbstring /W3 /WX /Gz  /QIfdiv- /QIf /G6 /Gi- /Gm- /GX-  /GR- /GF  -Z7 /Oxs /Oy   -FIC:\WINDDK\2600\inc\w2k\warning.h   ..\ygfsmon.c
ygfsmon.c

Stop.
Linking e:\products\davinci\davinci_tech\ygfsmon\cur_ver\sys\2000 directory ********************
'nmake.exe /c BUILDMSG=Stop. -i LINKONLY=1 NOPASS0=1 NTTEST= UMTEST= 386=1'
	link -out:objfre_w2k\i386\YGFSMon.sys -machine:ix86 @C:\DOCUME~1\lihuibin\LOCALS~1\Temp\nma03744.
Microsoft (R) Incremental Linker Version 7.00.9210
Copyright (C) Microsoft Corporation.  All rights reserved.

-MERGE:_PAGE=PAGE 
-MERGE:_TEXT=.text 
-SECTION:INIT,d 
-OPT:REF 
-OPT:ICF 
-IGNORE:4010,4037,4039,4065,4070,4078,4087,4089,4198,4221 
-INCREMENTAL:NO 
-FULLBUILD 
/release 
-NODEFAULTLIB 
/WX 
-debug:FULL 
-debugtype:cv 
-version:5.1 
-osversion:5.1 
/opt:nowin98 
-STACK:0x40000,0x1000 
-driver 
-base:0x10000 
-align:0x80 
-subsystem:native,5.1 
-entry:DriverEntry@8 
-out:objfre_w2k\i386\YGFSMon.sys 
objfre_w2k\i386\ygfsmon.res 
objfre_w2k\i386\ygfsmon.obj 
C:\WINDDK\2600\lib\w2k\i386\ntoskrnl.lib 
C:\WINDDK\2600\lib\w2k\i386\hal.lib 
C:\WINDDK\2600\lib\w2k\i386\wmilib.lib 
Skip Binplace:

Stop.
