BUILD: Computing Include file dependencies:
BUILD: Examining g:\tech\fileloc\cur_ver\filelocl\2000 directory for files to compile.
Compiling g:\tech\fileloc\cur_ver\filelocl\2000 directory ********************
'nmake.exe /c BUILDMSG=Stop. -i NTTEST= UMTEST= NOLINK=1 NOPASS0=1 386=1'
cl -nologo -Ii386\ -I. -I..\inc -IC:\NTDDK\inc -IC:\NTDDK\inc -IC:\NTDDK\inc\ddk -IC:\NTDDK\inc\ddk\wdm -IC:\NTDDK\private\inc -IC:\NTDDK\inc -D_X86_=1 -Di386=1  -DSTD_CALL -DCONDITION_HANDLING=1 -DNT_UP=1  -DNT_INST=0 -DWIN32=100 -D_NT1X_=100 -DWINNT=1 -D_WIN32_WINNT=0x0500 -DWINVER=0x0500 -D_WIN32_IE=0x0501    -DWIN32_LEAN_AND_MEAN=1 -DDEVL=1 -DFPO=1    -DNDEBUG -D_DLL=1      /c /Zel /Zp8 /Gy -cbstring /W3 /Gz  /QIfdiv- /QIf /QI0f /GB /Gi- /Gm- /GX-  /GR- /GF  /Oxs /Oy   -FIC:\NTDDK\inc\warning.h  .\ygfloc.c
ygfloc.c

Stop.
Linking g:\tech\fileloc\cur_ver\filelocl\2000 directory ********************
'nmake.exe /c BUILDMSG=Stop. -i LINKONLY=1 NOPASS0=1 NTTEST= UMTEST= 386=1'
	link -out:objfre\i386\YGFLoc.sys -machine:ix86 @C:\DOCUME~1\lihuibin\LOCALS~1\Temp\nma00876.
Microsoft (R) Incremental Linker Version 5.12.8181
Copyright (C) Microsoft Corp 1992-1998. All rights reserved.

-STACK:262144,4096 
-MERGE:_PAGE=PAGE 
-MERGE:_TEXT=.text 
-SECTION:INIT,d 
-OPT:REF 
-OPT:ICF 
-IGNORE:4001,4037,4039,4044,4065,4070,4078,4087,4089,4198 
-INCREMENTAL:NO 
-FULLBUILD 
-FORCE:MULTIPLE 
-NOCOMMENT 
/release 
-NODEFAULTLIB 
-debug:FULL 
-debugtype:cv 
-version:5.00 
-osversion:5.00 
-optidata 
-driver 
-align:0x20 
-subsystem:native,5.00 
-base:0x10000 
-entry:DriverEntry@8 
-out:objfre\i386\YGFLoc.sys 
objfre\i386\ygfloc.obj 
C:\NTDDK\libfre\i386\ntoskrnl.lib 
C:\NTDDK\libfre\i386\hal.lib 
C:\NTDDK\libfre\i386\wmilib.lib 

Stop.
