BUILD: Computing Include file dependencies:
BUILD: Examining e:\tech\blkmover\cur_ver\sys\2000 directory for files to compile.
Compiling e:\tech\blkmover\cur_ver\sys\2000 directory ********************
'nmake.exe /c BUILDMSG=Stop. -i NTTEST= UMTEST= NOLINK=1 NOPASS0=1 386=1'
    rc -l 409 -z "MS Sans Serif,Helv/MS Shell Dlg"  -r -fo objfre\i386\blkmover.tmp -D_X86_=1 -Di386=1  -DSTD_CALL -DCONDITION_HANDLING=1 -DNT_UP=1  -DNT_INST=0 -DWIN32=100 -D_NT1X_=100 -DWINNT=1 -D_WIN32_WINNT=0x0500 -DWINVER=0x0500 -D_WIN32_IE=0x0501    -DWIN32_LEAN_AND_MEAN=1 -DDEVL=1 -DFPO=1    -DNDEBUG -D_DLL=1 -DOS_PLATFORM=WIN2000 -DMODULE_TYPE=DRIVER   -Ic:\NTDDK\inc -Ic:\NTDDK\inc -Ic:\NTDDK\inc\ddk -Ic:\NTDDK\inc\ddk\wdm -Ic:\NTDDK\private\inc -Ic:\NTDDK\inc .\blkmover.rc
cl -nologo -Ii386\ -I. -Ic:\NTDDK\inc -Ic:\NTDDK\inc -Ic:\NTDDK\inc\ddk -Ic:\NTDDK\inc\ddk\wdm -Ic:\NTDDK\private\inc -Ic:\NTDDK\inc -D_X86_=1 -Di386=1  -DSTD_CALL -DCONDITION_HANDLING=1 -DNT_UP=1  -DNT_INST=0 -DWIN32=100 -D_NT1X_=100 -DWINNT=1 -D_WIN32_WINNT=0x0500 -DWINVER=0x0500 -D_WIN32_IE=0x0501    -DWIN32_LEAN_AND_MEAN=1 -DDEVL=1 -DFPO=1    -DNDEBUG -D_DLL=1 -DOS_PLATFORM=WIN2000 -DMODULE_TYPE=DRIVER     /c /Zel /Zp8 /Gy -cbstring /W3 /Gz  /QIfdiv- /QIf /QI0f /GB /Gi- /Gm- /GX-  /GR- /GF  /Oxs /Oy  /Fl -FIc:\NTDDK\inc\warning.h  ..\blkmover.c
blkmover.c
cl -nologo -Ii386\ -I. -Ic:\NTDDK\inc -Ic:\NTDDK\inc -Ic:\NTDDK\inc\ddk -Ic:\NTDDK\inc\ddk\wdm -Ic:\NTDDK\private\inc -Ic:\NTDDK\inc -D_X86_=1 -Di386=1  -DSTD_CALL -DCONDITION_HANDLING=1 -DNT_UP=1  -DNT_INST=0 -DWIN32=100 -D_NT1X_=100 -DWINNT=1 -D_WIN32_WINNT=0x0500 -DWINVER=0x0500 -D_WIN32_IE=0x0501    -DWIN32_LEAN_AND_MEAN=1 -DDEVL=1 -DFPO=1    -DNDEBUG -D_DLL=1 -DOS_PLATFORM=WIN2000 -DMODULE_TYPE=DRIVER     /c /Zel /Zp8 /Gy -cbstring /W3 /Gz  /QIfdiv- /QIf /QI0f /GB /Gi- /Gm- /GX-  /GR- /GF  /Oxs /Oy  /Fl -FIc:\NTDDK\inc\warning.h  ..\object.c
object.c
cl -nologo -Ii386\ -I. -Ic:\NTDDK\inc -Ic:\NTDDK\inc -Ic:\NTDDK\inc\ddk -Ic:\NTDDK\inc\ddk\wdm -Ic:\NTDDK\private\inc -Ic:\NTDDK\inc -D_X86_=1 -Di386=1  -DSTD_CALL -DCONDITION_HANDLING=1 -DNT_UP=1  -DNT_INST=0 -DWIN32=100 -D_NT1X_=100 -DWINNT=1 -D_WIN32_WINNT=0x0500 -DWINVER=0x0500 -D_WIN32_IE=0x0501    -DWIN32_LEAN_AND_MEAN=1 -DDEVL=1 -DFPO=1    -DNDEBUG -D_DLL=1 -DOS_PLATFORM=WIN2000 -DMODULE_TYPE=DRIVER     /c /Zel /Zp8 /Gy -cbstring /W3 /Gz  /QIfdiv- /QIf /QI0f /GB /Gi- /Gm- /GX-  /GR- /GF  /Oxs /Oy  /Fl -FIc:\NTDDK\inc\warning.h  .\iomon.c
iomon.c
cl -nologo -Ii386\ -I. -Ic:\NTDDK\inc -Ic:\NTDDK\inc -Ic:\NTDDK\inc\ddk -Ic:\NTDDK\inc\ddk\wdm -Ic:\NTDDK\private\inc -Ic:\NTDDK\inc -D_X86_=1 -Di386=1  -DSTD_CALL -DCONDITION_HANDLING=1 -DNT_UP=1  -DNT_INST=0 -DWIN32=100 -D_NT1X_=100 -DWINNT=1 -D_WIN32_WINNT=0x0500 -DWINVER=0x0500 -D_WIN32_IE=0x0501    -DWIN32_LEAN_AND_MEAN=1 -DDEVL=1 -DFPO=1    -DNDEBUG -D_DLL=1 -DOS_PLATFORM=WIN2000 -DMODULE_TYPE=DRIVER     /c /Zel /Zp8 /Gy -cbstring /W3 /Gz  /QIfdiv- /QIf /QI0f /GB /Gi- /Gm- /GX-  /GR- /GF  /Oxs /Oy  /Fl -FIc:\NTDDK\inc\warning.h  .\devcotl.c
devcotl.c

Stop.
Linking e:\tech\blkmover\cur_ver\sys\2000 directory ********************
'nmake.exe /c BUILDMSG=Stop. -i LINKONLY=1 NOPASS0=1 NTTEST= UMTEST= 386=1'
	link -out:objfre\i386\BlkMover.sys -machine:ix86 @C:\DOCUME~1\lihuibin\LOCALS~1\Temp\nma02548.
Microsoft (R) Incremental Linker Version 5.12.8181
Copyright (C) Microsoft Corp 1992-1998. All rights reserved.

-map 
-STACK:262144,4096 
-MERGE:_PAGE=PAGE 
-MERGE:_TEXT=.text 
-SECTION:INIT,d 
-OPT:REF 
-OPT:ICF 
-IGNORE:4001,4037,4039,4044,4065,4070,4078,4087,4089,4198 
-INCREMENTAL:NO 
-FULLBUILD 
-FORCE:MULTIPLE 
-NOCOMMENT 
/release 
-NODEFAULTLIB 
-debug:FULL 
-debugtype:cv 
-version:5.00 
-osversion:5.00 
-optidata 
-driver 
-align:0x20 
-subsystem:native,5.00 
-base:0x10000 
-entry:DriverEntry@8 
-out:objfre\i386\BlkMover.sys 
objfre\i386\blkmover.res 
objfre\i386\blkmover.obj 
objfre\i386\object.obj 
objfre\i386\iomon.obj 
objfre\i386\devcotl.obj 
c:\NTDDK\libfre\i386\ntoskrnl.lib 
c:\NTDDK\libfre\i386\hal.lib 
c:\NTDDK\libfre\i386\wmilib.lib 
..\..\..\..\Lib\HashSrch\Cur_ver\Export\2000\HashSrc.lib 

Stop.
