BUILD: Computing Include file dependencies:
BUILD: Examining e:\tech\ygcrydisk\cur_ver\sys\2000 directory for files to compile.
before AssemblyIdentity_AfterReadAllSources
after AssemblyIdentity_AfterReadAllSources
skipping post pass 0 command
Compiling and Linking e:\tech\ygcrydisk\cur_ver\sys\2000 *************
'nmake.exe /nologo BUILDMSG=Stop. -i BUILD_PASS=PASS2 LINKONLY=1 NOPASS0=1 MAKEDIR_RELATIVE_TO_BASEDIR= MAKEDIR_LOWERCASE=e:\tech\ygcrydisk\cur_ver\sys\2000'
e:\tech\ygcrydisk\cur_ver\sys\2000: TARGETPATH is OBJ
BUILDMSG: _NT_TARGET_VERSION SET TO WINXP
	cl.exe @e:\tech\ygcrydisk\cur_ver\sys\2000\objfre_wxp_x86\i386\cl.rsp
Microsoft (R) 32-bit C/C++ Optimizing Compiler Version 14.00.50727.220 for 80x86
Copyright (C) Microsoft Corporation.  All rights reserved.

cl /Fo"e:\tech\ygcrydisk\cur_ver\sys\2000\objfre_wxp_x86\i386/"
   /FC
   
   
   /Ii386
   /I.
   /I..\inc
   /Ie:\tech\ygcrydisk\cur_ver\sys\2000\objfre_wxp_x86\i386
   /IC:\WinDDK\6000\inc\api
   /IC:\WinDDK\6000\inc\api
   /IC:\WinDDK\6000\inc\ddk
   /IC:\WinDDK\6000\inc\ddk
   /IC:\WinDDK\6000\inc\crt
   /D_X86_=1
   /Di386=1
   
   /DSTD_CALL
   /DCONDITION_HANDLING=1
   
   
   /DNT_INST=0
   /DWIN32=100
   /D_NT1X_=100
   /DWINNT=1
   /D_WIN32_WINNT=0x0501
   /DWINVER=0x0501
   /D_WIN32_IE=0x0603
   
   
   
   /DWIN32_LEAN_AND_MEAN=1
   /DDEVL=1
   /D__BUILDMACHINE__=WinDDK
   /DFPO=0
   
   /DNDEBUG
   /D_DLL=1
   /DNDEBUG
   
   /DNTDDI_VERSION=0x05010200
   
   
   
   
   /c
   /Zc:wchar_t-
   /Zl
   /Zp8
   /Gy
   /Gm-
   -cbstring
   /W3
   /WX
   /Gz
   
   
   /hotpatch
   /EHs-c-
   
   /GR-
   /GF
   /GS
   /Zi
   /Oxs
   
   /Oy-
   /Zi
   /Fde:\tech\ygcrydisk\cur_ver\sys\2000\objfre_wxp_x86\i386\
   
   
   -DKMDF_MAJOR_VERSION=01
   -DKMDF_MINOR_VERSION=005
   /FIC:\WinDDK\6000\inc\api\warning.h
   
   
   .\ygcrydisk.c 

ygcrydisk.c
	link.exe /out:objfre_wxp_x86\i386\YGCryDisk.sys /machine:ix86 @C:\DOCUME~1\ADMINI~1\LOCALS~1\Temp\nm13.tmp
Microsoft (R) Incremental Linker Version 8.00.50727.220
Copyright (C) Microsoft Corporation.  All rights reserved.

/MERGE:_PAGE=PAGE 
/MERGE:_TEXT=.text 
/SECTION:INIT,d 
/OPT:REF 
/OPT:ICF 
/IGNORE:4198,4010,4037,4039,4065,4070,4078,4087,4089,4221 
/INCREMENTAL:NO 
/FULLBUILD 
/release 
/NODEFAULTLIB 
/WX 
/debug 
/debugtype:cv 
/version:6.0 
/osversion:6.0 
/functionpadmin:5 
/safeseh 
/debug 
/debugtype:cv,fixup 
/pdbcompress 
/STACK:0x40000,0x1000 
/driver 
/base:0x10000 
/align:0x80 /stub:c:\winddk\6000\lib\wxp\stub512.com 
/subsystem:native,5.01 
/entry:GsDriverEntry@8 
/out:objfre_wxp_x86\i386\YGCryDisk.sys 
objfre_wxp_x86\i386\ygcrydisk.obj 
c:\winddk\6000\lib\wxp\i386\BufferOverflowK.lib 
c:\winddk\6000\lib\wxp\i386\ntoskrnl.lib 
c:\winddk\6000\lib\wxp\i386\hal.lib 
c:\winddk\6000\lib\wxp\i386\wmilib.lib 
\tech\lib\crypto\cur_ver\export\2000\crypto.lib 
c:\winddk\6000\lib\wxp\i386\wdmsec.lib 
c:\winddk\6000\lib\wxp\i386\sehupd.lib 
